<?xml version="1.0" encoding="UTF-8"?>
<!-- Generated by org.testng.reporters.JUnitReportReporter -->
<testsuite hostname="siyathemba-Vostro-5581" failures="0" tests="1" name="com.scrolltest.api.TestGetUser" time="1.179" errors="0" timestamp="2022-12-05T11:44:27 SAST" skipped="0">
  <testcase classname="com.scrolltest.api.TestGetUser" name="getUsers" time="1.179"/>
  <system-out/>
</testsuite> <!-- com.scrolltest.api.TestGetUser -->
