<?xml version="1.0" encoding="UTF-8"?>
<!-- Generated by org.testng.reporters.JUnitReportReporter -->
<testsuite skipped="0" hostname="siyathemba-Vostro-5581" name="com.scrolltest.api.TestGetUser" tests="3" failures="0" timestamp="05 Dec 2022 09:08:59 GMT" time="11.731" errors="0">
  <testcase name="getCommentsOfPost" time="11.603" classname="com.scrolltest.api.TestGetUser"/>
  <testcase name="getPostsOfAUser" time="0.066" classname="com.scrolltest.api.TestGetUser"/>
  <testcase name="getUsers" time="0.062" classname="com.scrolltest.api.TestGetUser"/>
</testsuite> <!-- com.scrolltest.api.TestGetUser -->
